<?xml version="1.0" encoding="UTF-8"?>
<testng-results ignored="0" total="1" passed="1" failed="0" skipped="0">
  <reporter-output>
  </reporter-output>
  <suite started-at="2021-12-13T12:15:56 CET" name="Default suite" finished-at="2021-12-13T12:15:57 CET" duration-ms="489">
    <groups>
    </groups>
    <test started-at="2021-12-13T12:15:56 CET" name="Default test" finished-at="2021-12-13T12:15:57 CET" duration-ms="489">
      <class name="CrearEstudianteTest">
        <test-method signature="CrearEstudianteTest()[pri:0, instance:CrearEstudianteTest@770d3326]" started-at="2021-12-13T12:15:56 CET" name="CrearEstudianteTest" finished-at="2021-12-13T12:15:57 CET" duration-ms="394" status="PASS">
          <reporter-output>
          </reporter-output>
        </test-method> <!-- CrearEstudianteTest -->
      </class> <!-- CrearEstudianteTest -->
    </test> <!-- Default test -->
  </suite> <!-- Default suite -->
</testng-results>
